<?xml version="1.0" encoding="UTF-8" ?>
<testsuite tests="44" failures="0" name="uk.ac.ed.inf.AppTest" time="6.814" errors="0" skipped="0">
  <properties>
    <property name="idea.version" value="2020.3.3"/>
    <property name="java.runtime.name" value="Java(TM) SE Runtime Environment"/>
    <property name="java.vm.version" value="14.0.2+12-46"/>
    <property name="sun.boot.library.path" value="C:\Program Files\Java\jdk-14.0.2\bin"/>
    <property name="maven.multiModuleProjectDirectory" value="D:\ILP"/>
    <property name="java.vm.vendor" value="Oracle Corporation"/>
    <property name="java.vendor.url" value="https://java.oracle.com/"/>
    <property name="guice.disable.misplaced.annotation.check" value="true"/>
    <property name="path.separator" value=";"/>
    <property name="java.vm.name" value="Java HotSpot(TM) 64-Bit Server VM"/>
    <property name="sun.os.patch.level" value=""/>
    <property name="user.script" value=""/>
    <property name="user.country" value="GB"/>
    <property name="sun.java.launcher" value="SUN_STANDARD"/>
    <property name="java.vm.specification.name" value="Java Virtual Machine Specification"/>
    <property name="user.dir" value="D:\ILP"/>
    <property name="java.vm.compressedOopsMode" value="Zero based"/>
    <property name="java.runtime.version" value="14.0.2+12-46"/>
    <property name="os.arch" value="amd64"/>
    <property name="java.io.tmpdir" value="C:\Users\gdaws\AppData\Local\Temp\"/>
    <property name="line.separator" value="
"/>
    <property name="java.vm.specification.vendor" value="Oracle Corporation"/>
    <property name="user.variant" value=""/>
    <property name="os.name" value="Windows 10"/>
    <property name="maven.ext.class.path" value="D:\IntelliJ\IntelliJ IDEA Community Edition 2020.3.3\plugins\maven\lib\maven-event-listener.jar"/>
    <property name="classworlds.conf" value="D:\IntelliJ\IntelliJ IDEA Community Edition 2020.3.3\plugins\maven\lib\maven3\bin\m2.conf"/>
    <property name="sun.jnu.encoding" value="Cp1252"/>
    <property name="java.library.path" value="C:\Program Files\Java\jdk-14.0.2\bin;C:\WINDOWS\Sun\Java\bin;C:\WINDOWS\system32;C:\WINDOWS;C:\Python39\Scripts\;C:\Python39\;C:\Program Files\Haskell\bin;D:\8.6.5\lib\extralibs\bin;D:\8.6.5\bin;C:\WINDOWS\system32;C:\WINDOWS;C:\WINDOWS\System32\Wbem;C:\WINDOWS\System32\WindowsPowerShell\v1.0\;C:\WINDOWS\System32\OpenSSH\;D:\8.6.5\mingw\bin;D:\CSGit\Git\cmd;C:\ProgramData\chocolatey\bin;C:\Program Files\nodejs\;C:\Program Files\Go\bin;C:\Program Files (x86)\Heimdal\bin\;C:\Program Files\Heimdal\bin\;C:\Program Files\Java\jdk-14.0.2\bin;D:\ILP\db-derby-10.15.2.0-bin\bin;C:\Users\gdaws\AppData\Local\Programs\Python\Python38\Scripts\;C:\Users\gdaws\AppData\Local\Programs\Python\Python38\;C:\Users\gdaws\AppData\Roaming\cabal\bin;C:\Users\gdaws\AppData\Roaming\local\bin;C:\Users\gdaws\AppData\Local\Microsoft\WindowsApps;C:\Users\gdaws\AppData\Local\Programs\Microsoft VS Code\bin;D:\python\bin;C:\ProgramData\chocolatey\lib\ghc\tools\ghc-8.10.3\bin;C:\Users\gdaws\jdk-11.0.6;C:\Program Files\Java\jdk-15.0.2\bin;D:\Gradle\gradle-6.6-bin\gradle-6.6\bin;D:\IntelliJ\IntelliJ IDEA Community Edition 2020.3.3\bin;;D:\Latex\miktex\bin\x64\;C:\Users\gdaws\AppData\Roaming\npm;C:\Users\gdaws\go\bin;;."/>
    <property name="maven.conf" value="D:\IntelliJ\IntelliJ IDEA Community Edition 2020.3.3\plugins\maven\lib\maven3/conf"/>
    <property name="jdk.debug" value="release"/>
    <property name="java.class.version" value="58.0"/>
    <property name="java.specification.name" value="Java Platform API Specification"/>
    <property name="sun.management.compiler" value="HotSpot 64-Bit Tiered Compilers"/>
    <property name="os.version" value="10.0"/>
    <property name="user.home" value="C:\Users\gdaws"/>
    <property name="user.timezone" value="Europe/London"/>
    <property name="file.encoding" value="UTF-8"/>
    <property name="java.specification.version" value="14"/>
    <property name="user.name" value="gdaws"/>
    <property name="java.class.path" value="D:\IntelliJ\IntelliJ IDEA Community Edition 2020.3.3\plugins\maven\lib\maven3\boot\plexus-classworlds-2.6.0.jar;D:\IntelliJ\IntelliJ IDEA Community Edition 2020.3.3\plugins\maven\lib\maven3\boot\plexus-classworlds.license"/>
    <property name="java.vm.specification.version" value="14"/>
    <property name="sun.arch.data.model" value="64"/>
    <property name="sun.java.command" value="org.codehaus.classworlds.Launcher -Didea.version=2020.3.3 package"/>
    <property name="java.home" value="C:\Program Files\Java\jdk-14.0.2"/>
    <property name="user.language" value="en"/>
    <property name="java.specification.vendor" value="Oracle Corporation"/>
    <property name="java.vm.info" value="mixed mode, sharing"/>
    <property name="java.version" value="14.0.2"/>
    <property name="java.vendor" value="Oracle Corporation"/>
    <property name="maven.home" value="D:\IntelliJ\IntelliJ IDEA Community Edition 2020.3.3\plugins\maven\lib\maven3"/>
    <property name="file.separator" value="\"/>
    <property name="java.version.date" value="2020-07-14"/>
    <property name="java.vendor.url.bug" value="https://bugreport.java.com/bugreport/"/>
    <property name="sun.io.unicode.encoding" value="UnicodeLittle"/>
    <property name="sun.cpu.endian" value="little"/>
    <property name="sun.cpu.isalist" value="amd64"/>
  </properties>
  <testcase classname="uk.ac.ed.inf.AppTest" name="testDerbyGetOrdersForDay" time="0.359"/>
  <testcase classname="uk.ac.ed.inf.AppTest" name="testGetFeatureCollectionFromOrderDetailsA" time="0.046"/>
  <testcase classname="uk.ac.ed.inf.AppTest" name="testGetFeatureCollectionFromOrderDetailsB" time="0.015"/>
  <testcase classname="uk.ac.ed.inf.AppTest" name="testGetW3WFromOrderDetailsA" time="0.016"/>
  <testcase classname="uk.ac.ed.inf.AppTest" name="testGetW3WFromOrderDetailsB" time="0.016"/>
  <testcase classname="uk.ac.ed.inf.AppTest" name="testGetUniqueDropOffPoints" time="0.015"/>
  <testcase classname="uk.ac.ed.inf.AppTest" name="testTotalMonetaryValueForDay" time="0.032"/>
  <testcase classname="uk.ac.ed.inf.AppTest" name="testCloseToFalse" time="0"/>
  <testcase classname="uk.ac.ed.inf.AppTest" name="testOrdersPractice" time="0"/>
  <testcase classname="uk.ac.ed.inf.AppTest" name="testAngle20" time="0"/>
  <testcase classname="uk.ac.ed.inf.AppTest" name="testAngle50" time="0"/>
  <testcase classname="uk.ac.ed.inf.AppTest" name="testAngle90" time="0"/>
  <testcase classname="uk.ac.ed.inf.AppTest" name="testRoute" time="0.161"/>
  <testcase classname="uk.ac.ed.inf.AppTest" name="testPopulateOrdersList" time="0.11"/>
  <testcase classname="uk.ac.ed.inf.AppTest" name="testCloseToTrue" time="0"/>
  <testcase classname="uk.ac.ed.inf.AppTest" name="testlongLatListToFC" time="0"/>
  <testcase classname="uk.ac.ed.inf.AppTest" name="testMenusFourA" time="0.015"/>
  <testcase classname="uk.ac.ed.inf.AppTest" name="testMenusFourB" time="0"/>
  <testcase classname="uk.ac.ed.inf.AppTest" name="testMenusThree" time="0.016"/>
  <testcase classname="uk.ac.ed.inf.AppTest" name="testAngle140" time="0"/>
  <testcase classname="uk.ac.ed.inf.AppTest" name="testAngle190" time="0"/>
  <testcase classname="uk.ac.ed.inf.AppTest" name="testAngle260" time="0"/>
  <testcase classname="uk.ac.ed.inf.AppTest" name="testAngle300" time="0"/>
  <testcase classname="uk.ac.ed.inf.AppTest" name="testAngle350" time="0"/>
  <testcase classname="uk.ac.ed.inf.AppTest" name="testAngle999" time="0"/>
  <testcase classname="uk.ac.ed.inf.AppTest" name="testAngleToA" time="0"/>
  <testcase classname="uk.ac.ed.inf.AppTest" name="testAngleToB" time="0"/>
  <testcase classname="uk.ac.ed.inf.AppTest" name="testGetRouteForDay" time="5.873"/>
  <testcase classname="uk.ac.ed.inf.AppTest" name="testMenusOne" time="0"/>
  <testcase classname="uk.ac.ed.inf.AppTest" name="testMenusTwo" time="0"/>
  <testcase classname="uk.ac.ed.inf.AppTest" name="testLineLineIntersectFalse" time="0"/>
  <testcase classname="uk.ac.ed.inf.AppTest" name="testLineLineIntersectTrueA" time="0"/>
  <testcase classname="uk.ac.ed.inf.AppTest" name="testLineLineIntersectTrueB" time="0.016"/>
  <testcase classname="uk.ac.ed.inf.AppTest" name="testLineLineIntersectTrueC" time="0"/>
  <testcase classname="uk.ac.ed.inf.AppTest" name="testLineLineIntersectfalse" time="0"/>
  <testcase classname="uk.ac.ed.inf.AppTest" name="testRouteAvoidConfinementZome" time="0.077"/>
  <testcase classname="uk.ac.ed.inf.AppTest" name="testGetAllW3W" time="0"/>
  <testcase classname="uk.ac.ed.inf.AppTest" name="testAngle0" time="0"/>
  <testcase classname="uk.ac.ed.inf.AppTest" name="testIsConfinedFalse" time="0"/>
  <testcase classname="uk.ac.ed.inf.AppTest" name="testIsConfinedTrueA" time="0"/>
  <testcase classname="uk.ac.ed.inf.AppTest" name="testIsConfinedTrueB" time="0"/>
  <testcase classname="uk.ac.ed.inf.AppTest" name="testDistanceTo" time="0"/>
  <testcase classname="uk.ac.ed.inf.AppTest" name="testGetRouteForOrder" time="0.031"/>
  <testcase classname="uk.ac.ed.inf.AppTest" name="testDerbyGetOrderDetailsForOrder" time="0.016"/>
</testsuite>